Traceback (most recent call last):
  File "C:\Users\pc\AppData\Local\Programs\Python\Python310\lib\site-packages\jupyter_cache\executors\utils.py", line 58, in single_nb_execution
    executenb(
  File "C:\Users\pc\AppData\Local\Programs\Python\Python310\lib\site-packages\nbclient\client.py", line 1314, in execute
    return NotebookClient(nb=nb, resources=resources, km=km, **kwargs).execute()
  File "C:\Users\pc\AppData\Local\Programs\Python\Python310\lib\site-packages\jupyter_core\utils\__init__.py", line 165, in wrapped
    return loop.run_until_complete(inner)
  File "C:\Users\pc\AppData\Local\Programs\Python\Python310\lib\asyncio\base_events.py", line 646, in run_until_complete
    return future.result()
  File "C:\Users\pc\AppData\Local\Programs\Python\Python310\lib\site-packages\nbclient\client.py", line 709, in async_execute
    await self.async_execute_cell(
  File "C:\Users\pc\AppData\Local\Programs\Python\Python310\lib\site-packages\nbclient\client.py", line 1062, in async_execute_cell
    await self._check_raise_for_error(cell, cell_index, exec_reply)
  File "C:\Users\pc\AppData\Local\Programs\Python\Python310\lib\site-packages\nbclient\client.py", line 918, in _check_raise_for_error
    raise CellExecutionError.from_cell_and_msg(cell, exec_reply_content)
nbclient.exceptions.CellExecutionError: An error occurred while executing the following cell:
------------------
# all right, we're good to go!
for s in species[30:]:
    bird_scraper(s['name'], s['id'])
    
    # show a random photo to brighten the day
    print(str(s['name'])+':')
    show_random_img_from_folder(RAWFOLDER+'/'+s['name'])
------------------

----- stdout -----
So far the search for kauw has returned 0 photos
----- stdout -----
So far the search for kauw has returned 0 photos
----- stdout -----
So far the search for kauw has returned 0 photos
----- stdout -----
So far the search for kauw has returned 0 photos
----- stdout -----
So far the search for kauw has returned 0 photos
----- stdout -----
So far the search for kauw has returned 0 photos
----- stdout -----
So far the search for kauw has returned 0 photos
----- stdout -----
Found [] photos for kauw.
Found 0 new photos of kauw
------------------

[1;31m--------------------------------------------------------------------------[0m
[1;31mFileNotFoundError[0m                        Traceback (most recent call last)
Cell [1;32mIn [10], line 3[0m
[0;32m      1[0m [38;5;66;03m# all right, we're good to go![39;00m
[0;32m      2[0m [38;5;28;01mfor[39;00m s [38;5;129;01min[39;00m species[[38;5;241m30[39m:]:
[1;32m----> 3[0m     bird_scraper(s[[38;5;124m'[39m[38;5;124mname[39m[38;5;124m'[39m], s[[38;5;124m'[39m[38;5;124mid[39m[38;5;124m'[39m])
[0;32m      5[0m     [38;5;66;03m# show a random photo to brighten the day[39;00m
[0;32m      6[0m     [38;5;28mprint[39m([38;5;28mstr[39m(s[[38;5;124m'[39m[38;5;124mname[39m[38;5;124m'[39m])[38;5;241m+[39m[38;5;124m'[39m[38;5;124m:[39m[38;5;124m'[39m)

Cell [1;32mIn [7], line 109[0m, in [0;36mbird_scraper[1;34m(species, identifier)[0m
[0;32m    106[0m [38;5;28mprint[39m([38;5;124mf[39m[38;5;124m'[39m[38;5;124mFound [39m[38;5;132;01m{[39;00mnew_photos[38;5;132;01m}[39;00m[38;5;124m new photos of [39m[38;5;132;01m{[39;00mspecies[38;5;132;01m}[39;00m[38;5;124m'[39m)
[0;32m    108[0m [38;5;66;03m#store metadata to flat file[39;00m
[1;32m--> 109[0m [43mstore_meta[49m[43m([49m[43mspecies[49m[43m,[49m[43m [49m[43mmetadata[49m[43m)[49m

Cell [1;32mIn [8], line 4[0m, in [0;36mstore_meta[1;34m(species, meta)[0m
[0;32m      1[0m [38;5;28;01mdef[39;00m [38;5;21mstore_meta[39m(species: [38;5;28mstr[39m, meta: [38;5;28mlist[39m):
[0;32m      2[0m [38;5;250m    [39m[38;5;124;03m'''Store metadata to file for later use/verification'''[39;00m
[1;32m----> 4[0m     [38;5;28;01mwith[39;00m [38;5;28;43mopen[39;49m[43m([49m[38;5;124;43mf[39;49m[38;5;124;43m'[39;49m[38;5;124;43mtxtfiles/[39;49m[38;5;132;43;01m{[39;49;00m[43mspecies[49m[38;5;132;43;01m}[39;49;00m[38;5;124;43m.txt[39;49m[38;5;124;43m'[39;49m[43m,[49m[43m [49m[38;5;124;43m'[39;49m[38;5;124;43ma+[39;49m[38;5;124;43m'[39;49m[43m,[49m[43m [49m[43mencoding[49m[38;5;241;43m=[39;49m[38;5;124;43m"[39;49m[38;5;124;43mutf-8[39;49m[38;5;124;43m"[39;49m[43m)[49m [38;5;28;01mas[39;00m f:
[0;32m      5[0m         [38;5;28;01mfor[39;00m item [38;5;129;01min[39;00m meta:
[0;32m      6[0m             f[38;5;241m.[39mwrite([38;5;124m"[39m[38;5;132;01m%s[39;00m[38;5;130;01m\n[39;00m[38;5;124m"[39m [38;5;241m%[39m item)

[1;31mFileNotFoundError[0m: [Errno 2] No such file or directory: 'txtfiles/kauw.txt'

